-------------------------------------------------------------------------------
Test set: TestSuite
-------------------------------------------------------------------------------
Tests run: 2, Failures: 1, Errors: 0, Skipped: 0, Time elapsed: 21.825 s <<< FAILURE! - in TestSuite
testCases.Tc_001_AccountRegistration.test_account_Registration  Time elapsed: 5.087 s  <<< FAILURE!
java.lang.AssertionError: expected [true] but found [false]
	at testCases.Tc_001_AccountRegistration.test_account_Registration(Tc_001_AccountRegistration.java:73)

