<?xml version="1.0" encoding="UTF-8"?>
<testng-results ignored="0" total="3" passed="3" failed="0" skipped="0">
  <reporter-output>
  </reporter-output>
  <suite started-at="2021-03-25T20:18:17 GMT" name="OpenCart Test Suit" finished-at="2021-03-25T20:18:40 GMT" duration-ms="22597">
    <groups>
      <group name="regression">
        <method signature="Tc_001_AccountRegistration.test_account_Registration()[pri:0, instance:testCases.Tc_001_AccountRegistration@12aba8be]" name="test_account_Registration" class="testCases.Tc_001_AccountRegistration"/>
        <method signature="Tc_001_AccountRegistration.test_account_Registration()[pri:0, instance:testCases.Tc_001_AccountRegistration@1ed6388a]" name="test_account_Registration" class="testCases.Tc_001_AccountRegistration"/>
        <method signature="Tc_001_AccountRegistration.test_account_Registration()[pri:0, instance:testCases.Tc_001_AccountRegistration@5e600dd5]" name="test_account_Registration" class="testCases.Tc_001_AccountRegistration"/>
      </group> <!-- regression -->
      <group name="master">
        <method signature="Tc_001_AccountRegistration.test_account_Registration()[pri:0, instance:testCases.Tc_001_AccountRegistration@12aba8be]" name="test_account_Registration" class="testCases.Tc_001_AccountRegistration"/>
        <method signature="Tc_001_AccountRegistration.test_account_Registration()[pri:0, instance:testCases.Tc_001_AccountRegistration@1ed6388a]" name="test_account_Registration" class="testCases.Tc_001_AccountRegistration"/>
        <method signature="Tc_001_AccountRegistration.test_account_Registration()[pri:0, instance:testCases.Tc_001_AccountRegistration@5e600dd5]" name="test_account_Registration" class="testCases.Tc_001_AccountRegistration"/>
      </group> <!-- master -->
    </groups>
    <test started-at="2021-03-25T20:18:17 GMT" name="EdgeTests" finished-at="2021-03-25T20:18:38 GMT" duration-ms="20639">
      <class name="testCases.Tc_001_AccountRegistration">
        <test-method is-config="true" signature="setUp(java.lang.String)[pri:0, instance:testCases.Tc_001_AccountRegistration@1ed6388a]" started-at="2021-03-25T20:18:17 GMT" name="setUp" finished-at="2021-03-25T20:18:24 GMT" duration-ms="6444" status="PASS">
          <params>
            <param index="0">
              <value>
                <![CDATA[edge]]>
              </value>
            </param>
          </params>
          <reporter-output>
          </reporter-output>
        </test-method> <!-- setUp -->
        <test-method signature="test_account_Registration()[pri:0, instance:testCases.Tc_001_AccountRegistration@1ed6388a]" started-at="2021-03-25T20:18:24 GMT" name="test_account_Registration" finished-at="2021-03-25T20:18:33 GMT" duration-ms="8900" status="PASS">
          <reporter-output>
          </reporter-output>
        </test-method> <!-- test_account_Registration -->
        <test-method is-config="true" signature="tearDown()[pri:0, instance:testCases.Tc_001_AccountRegistration@1ed6388a]" started-at="2021-03-25T20:18:33 GMT" name="tearDown" finished-at="2021-03-25T20:18:38 GMT" duration-ms="4953" status="PASS">
          <reporter-output>
          </reporter-output>
        </test-method> <!-- tearDown -->
      </class> <!-- testCases.Tc_001_AccountRegistration -->
    </test> <!-- EdgeTests -->
    <test started-at="2021-03-25T20:18:17 GMT" name="ChromeTests" finished-at="2021-03-25T20:18:38 GMT" duration-ms="20672">
      <class name="testCases.Tc_001_AccountRegistration">
        <test-method is-config="true" signature="setUp(java.lang.String)[pri:0, instance:testCases.Tc_001_AccountRegistration@12aba8be]" started-at="2021-03-25T20:18:18 GMT" name="setUp" finished-at="2021-03-25T20:18:24 GMT" duration-ms="6069" status="PASS">
          <params>
            <param index="0">
              <value>
                <![CDATA[chrome]]>
              </value>
            </param>
          </params>
          <reporter-output>
          </reporter-output>
        </test-method> <!-- setUp -->
        <test-method signature="test_account_Registration()[pri:0, instance:testCases.Tc_001_AccountRegistration@12aba8be]" started-at="2021-03-25T20:18:24 GMT" name="test_account_Registration" finished-at="2021-03-25T20:18:33 GMT" duration-ms="8928" status="PASS">
          <reporter-output>
          </reporter-output>
        </test-method> <!-- test_account_Registration -->
        <test-method is-config="true" signature="tearDown()[pri:0, instance:testCases.Tc_001_AccountRegistration@12aba8be]" started-at="2021-03-25T20:18:33 GMT" name="tearDown" finished-at="2021-03-25T20:18:38 GMT" duration-ms="4979" status="PASS">
          <reporter-output>
          </reporter-output>
        </test-method> <!-- tearDown -->
      </class> <!-- testCases.Tc_001_AccountRegistration -->
    </test> <!-- ChromeTests -->
    <test started-at="2021-03-25T20:18:17 GMT" name="FirefoxTests" finished-at="2021-03-25T20:18:40 GMT" duration-ms="22597">
      <class name="testCases.Tc_001_AccountRegistration">
        <test-method is-config="true" signature="setUp(java.lang.String)[pri:0, instance:testCases.Tc_001_AccountRegistration@5e600dd5]" started-at="2021-03-25T20:18:17 GMT" name="setUp" finished-at="2021-03-25T20:18:33 GMT" duration-ms="15708" status="PASS">
          <params>
            <param index="0">
              <value>
                <![CDATA[firefox]]>
              </value>
            </param>
          </params>
          <reporter-output>
          </reporter-output>
        </test-method> <!-- setUp -->
        <test-method signature="test_account_Registration()[pri:0, instance:testCases.Tc_001_AccountRegistration@5e600dd5]" started-at="2021-03-25T20:18:33 GMT" name="test_account_Registration" finished-at="2021-03-25T20:18:38 GMT" duration-ms="4773" status="PASS">
          <reporter-output>
          </reporter-output>
        </test-method> <!-- test_account_Registration -->
        <test-method is-config="true" signature="tearDown()[pri:0, instance:testCases.Tc_001_AccountRegistration@5e600dd5]" started-at="2021-03-25T20:18:38 GMT" name="tearDown" finished-at="2021-03-25T20:18:40 GMT" duration-ms="1795" status="PASS">
          <reporter-output>
          </reporter-output>
        </test-method> <!-- tearDown -->
      </class> <!-- testCases.Tc_001_AccountRegistration -->
    </test> <!-- FirefoxTests -->
  </suite> <!-- OpenCart Test Suit -->
</testng-results>
